[03:12:20] [main/INFO] (FabricLoader/GameProvider) Loading Minecraft 1.20.1 with Fabric Loader 0.18.4
[03:12:20] [main/INFO] (FabricLoader) Loading 61 mods:
	- carpet 1.4.112+v230608
	- fabric-api 0.92.7+1.20.1
	- fabric-api-base 0.4.32+1802ada577
	- fabric-api-lookup-api-v1 1.6.37+1802ada577
	- fabric-biome-api-v1 13.0.15+93aa238b77
	- fabric-block-api-v1 1.0.12+1802ada577
	- fabric-block-view-api-v2 1.0.3+924f046a77
	- fabric-blockrenderlayer-v1 1.1.42+1802ada577
	- fabric-client-tags-api-v1 1.1.3+1802ada577
	- fabric-command-api-v1 1.2.35+f71b366f77
	- fabric-command-api-v2 2.2.14+1802ada577
	- fabric-commands-v0 0.2.52+df3654b377
	- fabric-containers-v0 0.1.67+df3654b377
	- fabric-content-registries-v0 4.0.13+1802ada577
	- fabric-convention-tags-v1 1.5.6+1802ada577
	- fabric-crash-report-info-v1 0.2.20+1802ada577
	- fabric-data-attachment-api-v1 1.0.2+de0fd6d177
	- fabric-data-generation-api-v1 12.3.7+1802ada577
	- fabric-dimensions-v1 2.1.55+1802ada577
	- fabric-entity-events-v1 1.6.1+1c78457f77
	- fabric-events-interaction-v0 0.6.5+13a40c6677
	- fabric-events-lifecycle-v0 0.2.64+df3654b377
	- fabric-game-rule-api-v1 1.0.41+1802ada577
	- fabric-gametest-api-v1 1.2.15+1802ada577
	- fabric-item-api-v1 2.1.29+1802ada577
	- fabric-item-group-api-v1 4.0.14+1802ada577
	- fabric-key-binding-api-v1 1.0.38+1802ada577
	- fabric-keybindings-v0 0.2.36+df3654b377
	- fabric-lifecycle-events-v1 2.2.23+1802ada577
	- fabric-loot-api-v2 1.2.3+1802ada577
	- fabric-loot-tables-v1 1.1.47+9e7660c677
	- fabric-message-api-v1 5.1.10+1802ada577
	- fabric-mining-level-api-v1 2.1.52+1802ada577
	- fabric-model-loading-api-v1 1.0.4+1802ada577
	- fabric-models-v0 0.4.3+9386d8a777
	- fabric-networking-api-v1 1.3.14+a158aa0477
	- fabric-networking-v0 0.3.54+df3654b377
	- fabric-object-builder-api-v1 11.1.5+e35120df77
	- fabric-particles-v1 1.1.3+1802ada577
	- fabric-recipe-api-v1 1.0.24+1802ada577
	- fabric-registry-sync-v0 2.3.6+1802ada577
	- fabric-renderer-api-v1 3.2.2+1802ada577
	- fabric-renderer-indigo 1.5.3+85287f9f77
	- fabric-renderer-registries-v1 3.2.47+df3654b377
	- fabric-rendering-data-attachment-v1 0.3.39+92a0d36777
	- fabric-rendering-fluids-v1 3.0.29+1802ada577
	- fabric-rendering-v0 1.1.50+df3654b377
	- fabric-rendering-v1 3.0.9+1802ada577
	- fabric-resource-conditions-api-v1 2.3.9+1802ada577
	- fabric-resource-loader-v0 0.11.12+fb82e9d777
	- fabric-screen-api-v1 2.0.9+1802ada577
	- fabric-screen-handler-api-v1 1.3.33+1802ada577
	- fabric-sound-api-v1 1.0.14+1802ada577
	- fabric-transfer-api-v1 3.3.6+8dd72ea377
	- fabric-transitive-access-wideners-v1 4.3.2+1802ada577
	- fabricloader 0.18.4
	- java 25
	- lavaarcade 1.0-SNAPSHOT
	- minecraft 1.20.1
	- mixinextras 0.5.0
	- modmenu 7.2.2
[03:12:34] [main/INFO] (FabricLoader/Mixin) SpongePowered MIXIN Subsystem Version=0.8.7 Source=file:/C:/Users/672/.gradle/caches/modules-2/files-2.1/net.fabricmc/sponge-mixin/0.17.0+mixin.0.8.7/cf31463202f72d03b0ef1e1e38e8ee71b7faaab6/sponge-mixin-0.17.0+mixin.0.8.7.jar Service=Knot/Fabric Env=CLIENT
[03:12:34] [main/INFO] (FabricLoader/Mixin) Loaded Fabric development mappings for mixin remapper!
[03:12:35] [main/INFO] (FabricLoader/Mixin) Compatibility level set to JAVA_16
[03:12:35] [main/INFO] (FabricLoader/Mixin) Compatibility level set to JAVA_17
[03:12:38] [main/INFO] (FabricLoader/MixinExtras|Service) Initializing MixinExtras via com.llamalad7.mixinextras.service.MixinExtrasServiceImpl(version=0.5.0).
[03:12:56] [Datafixer Bootstrap/INFO] (Minecraft) 188 Datafixer optimizations took 361 milliseconds
[03:12:57] [main/WARN] (FabricLoader/Mixin) Method overwrite conflict for getConnection in fabric-networking-api-v1.mixins.json:accessor.ServerPlayNetworkHandlerAccessor from mod fabric-networking-api-v1, previously written by carpet.mixins.ServerGamePacketListenerImpl_coreMixin. Skipping method.
[03:13:01] [Render thread/INFO] (Minecraft) [STDERR]: [LWJGL] [ThreadLocalUtil] Unsupported JNI version detected, this may result in a crash. Please inform LWJGL developers.
[03:13:01] [Render thread/INFO] (Minecraft) Environment: authHost='https://authserver.mojang.com', accountsHost='https://api.mojang.com', sessionHost='https://sessionserver.mojang.com', servicesHost='https://api.minecraftservices.com', name='PROD'
[03:13:03] [Render thread/ERROR] (Minecraft) Failed to verify authentication
com.mojang.authlib.exceptions.InvalidCredentialsException: Status: 401
	at com.mojang.authlib.exceptions.MinecraftClientHttpException.toAuthenticationException(MinecraftClientHttpException.java:56) ~[authlib-4.0.43.jar:?]
	at com.mojang.authlib.yggdrasil.YggdrasilUserApiService.fetchProperties(YggdrasilUserApiService.java:156) ~[authlib-4.0.43.jar:?]
	at com.mojang.authlib.yggdrasil.YggdrasilUserApiService.<init>(YggdrasilUserApiService.java:55) ~[authlib-4.0.43.jar:?]
	at com.mojang.authlib.yggdrasil.YggdrasilAuthenticationService.createUserApiService(YggdrasilAuthenticationService.java:124) ~[authlib-4.0.43.jar:?]
	at net.minecraft.client.MinecraftClient.createUserApiService(MinecraftClient.java:733) ~[minecraft-clientOnly-cd82f6e9a8-1.20.1-net.fabricmc.yarn.1_20_1.1.20.1+build.10-v2.jar:?]
	at net.minecraft.client.MinecraftClient.<init>(MinecraftClient.java:442) ~[minecraft-clientOnly-cd82f6e9a8-1.20.1-net.fabricmc.yarn.1_20_1.1.20.1+build.10-v2.jar:?]
	at net.minecraft.client.main.Main.main(Main.java:211) ~[minecraft-clientOnly-cd82f6e9a8-1.20.1-net.fabricmc.yarn.1_20_1.1.20.1+build.10-v2.jar:?]
	at net.fabricmc.loader.impl.game.minecraft.MinecraftGameProvider.launch(MinecraftGameProvider.java:514) ~[fabric-loader-0.18.4.jar:?]
	at net.fabricmc.loader.impl.launch.knot.Knot.launch(Knot.java:72) ~[fabric-loader-0.18.4.jar:?]
	at net.fabricmc.loader.impl.launch.knot.KnotClient.main(KnotClient.java:23) ~[fabric-loader-0.18.4.jar:?]
	at net.fabricmc.devlaunchinjector.Main.main(Main.java:86) ~[dev-launch-injector-0.2.1+build.8.jar:?]
Caused by: com.mojang.authlib.exceptions.MinecraftClientHttpException: Status: 401
	at com.mojang.authlib.minecraft.client.MinecraftClient.readInputStream(MinecraftClient.java:85) ~[authlib-4.0.43.jar:?]
	at com.mojang.authlib.minecraft.client.MinecraftClient.get(MinecraftClient.java:48) ~[authlib-4.0.43.jar:?]
	at com.mojang.authlib.yggdrasil.YggdrasilUserApiService.fetchProperties(YggdrasilUserApiService.java:129) ~[authlib-4.0.43.jar:?]
	... 9 more
[03:13:03] [Render thread/INFO] (Minecraft) Setting user: Player747
[03:13:03] [Render thread/INFO] (lavaarcade) LavaArcade 皮肤文件夹已创建/确认: C:\Users\672\LavaArcade\run\LavaArcade\skins
[03:13:03] [Render thread/INFO] (lavaarcade) LavaArcade 主模组初始化完成
[03:13:04] [Worker-Main-1/INFO] (Mod Menu/Update Checker) Checking mod updates...
[03:13:04] [Render thread/INFO] (Indigo) [Indigo] Registering Indigo renderer!
[03:13:04] [Render thread/INFO] (lavaarcade-client) LavaArcade 客户端初始化...
[03:13:04] [Render thread/INFO] (lavaarcade-client) LavaArcade 客户端初始化完成。
[03:13:05] [Render thread/INFO] (Minecraft) Backend library: LWJGL version 3.3.2-snapshot
[03:13:08] [Render thread/INFO] (Minecraft) Reloading ResourceManager: vanilla, fabric (fabric-item-api-v1, fabric-events-lifecycle-v0, fabric-key-binding-api-v1, fabric-renderer-registries-v1, fabric-client-tags-api-v1, fabric-events-interaction-v0, fabric-game-rule-api-v1, fabric-registry-sync-v0, fabric-models-v0, fabric-message-api-v1, fabric-rendering-fluids-v1, fabric-keybindings-v0, fabric-api, fabric-data-generation-api-v1, fabric-dimensions-v1, fabric-renderer-api-v1, fabric-lifecycle-events-v1, fabric-biome-api-v1, fabric-api-lookup-api-v1, fabric-commands-v0, fabric-screen-handler-api-v1, fabric-networking-v0, fabric-blockrenderlayer-v1, fabric-loot-api-v2, fabric-model-loading-api-v1, fabric-command-api-v2, fabric-block-api-v1, fabric-mining-level-api-v1, fabric-transitive-access-wideners-v1, fabric-recipe-api-v1, fabric-convention-tags-v1, modmenu, fabric-containers-v0, fabric-rendering-v0, fabric-particles-v1, fabric-crash-report-info-v1, fabric-networking-api-v1, fabric-screen-api-v1, fabric-block-view-api-v2, fabric-rendering-v1, fabric-command-api-v1, fabric-data-attachment-api-v1, carpet, fabric-entity-events-v1, fabric-transfer-api-v1, fabric-resource-conditions-api-v1, fabric-item-group-api-v1, fabric-sound-api-v1, fabric-renderer-indigo, fabric-resource-loader-v0, lavaarcade, fabric-gametest-api-v1, fabric-object-builder-api-v1, fabricloader, fabric-loot-tables-v1, fabric-api-base, fabric-content-registries-v0, fabric-rendering-data-attachment-v1)
[03:13:08] [Worker-Main-3/INFO] (Minecraft) Found unifont_all_no_pua-15.0.06.hex, loading
[03:13:09] [Realms Notification Availability checker #1/INFO] (Minecraft) Could not authorize you against Realms server: java.lang.RuntimeException: Failed to parse into SignedJWT: FabricMC
[03:13:13] [Render thread/WARN] (Minecraft) Missing sound for event: minecraft:item.goat_horn.play
[03:13:13] [Render thread/WARN] (Minecraft) Missing sound for event: minecraft:entity.goat.screaming.horn_break
[03:13:14] [Render thread/INFO] (Minecraft) OpenAL initialized on device OpenAL Soft on 扬声器 (Realtek High Definition Audio)
[03:13:14] [Render thread/INFO] (Minecraft) Sound engine started
[03:13:15] [Render thread/INFO] (Minecraft) Created: 1024x512x0 minecraft:textures/atlas/blocks.png-atlas
[03:13:15] [Render thread/INFO] (Minecraft) Created: 256x256x0 minecraft:textures/atlas/signs.png-atlas
[03:13:15] [Render thread/INFO] (Minecraft) Created: 512x512x0 minecraft:textures/atlas/banner_patterns.png-atlas
[03:13:15] [Render thread/INFO] (Minecraft) Created: 512x512x0 minecraft:textures/atlas/shield_patterns.png-atlas
[03:13:15] [Render thread/INFO] (Minecraft) Created: 1024x1024x0 minecraft:textures/atlas/armor_trims.png-atlas
[03:13:15] [Render thread/INFO] (Minecraft) Created: 128x64x0 minecraft:textures/atlas/decorated_pot.png-atlas
[03:13:15] [Render thread/INFO] (Minecraft) Created: 256x256x0 minecraft:textures/atlas/chest.png-atlas
[03:13:15] [Render thread/INFO] (Minecraft) Created: 512x256x0 minecraft:textures/atlas/beds.png-atlas
[03:13:15] [Render thread/INFO] (Minecraft) Created: 512x256x0 minecraft:textures/atlas/shulker_boxes.png-atlas
[03:13:16] [Render thread/WARN] (Minecraft) Shader rendertype_entity_translucent_emissive could not find sampler named Sampler2 in the specified shader program.
[03:13:16] [Render thread/INFO] (Minecraft) Created: 256x256x0 minecraft:textures/atlas/particles.png-atlas
[03:13:16] [Render thread/INFO] (Minecraft) Created: 256x256x0 minecraft:textures/atlas/paintings.png-atlas
[03:13:16] [Render thread/INFO] (Minecraft) Created: 128x128x0 minecraft:textures/atlas/mob_effects.png-atlas
[03:14:41] [Render thread/WARN] (Mod Menu | FabricMod) Warning! Mod mixinextras has a broken icon, loading default icon
